<?xml version="1.0" encoding="UTF-8"?>
<!-- Generated by org.testng.reporters.JUnitXMLReporter -->
<testsuite hostname="LAPTOP-URD1L83F" ignored="0" name="Test" tests="4" failures="0" timestamp="2023-03-13T15:41:17 IST" time="0.073" errors="0">
  <testcase name="ok" time="0.007" classname="jenkins.pract2Test"/>
  <testcase name="ok1" time="0.0" classname="jenkins.pract2Test"/>
  <testcase name="ok" time="0.001" classname="jenkins.pract1test"/>
  <testcase name="ok1" time="0.001" classname="jenkins.pract1test"/>
</testsuite> <!-- Test -->
