<?xml version="1.0" encoding="UTF-8"?>
<testng-results skipped="0" failed="0" ignored="0" total="3" passed="3">
  <reporter-output>
  </reporter-output>
  <suite name="Suite" duration-ms="83" started-at="2023-03-10T17:25:33 IST" finished-at="2023-03-10T17:25:34 IST">
    <groups>
    </groups>
    <test name="Test" duration-ms="83" started-at="2023-03-10T17:25:33 IST" finished-at="2023-03-10T17:25:34 IST">
      <class name="jenkins.practice2githTest">
        <test-method status="PASS" signature="test2()[pri:0, instance:jenkins.practice2githTest@64729b1e]" name="test2" duration-ms="0" started-at="2023-03-10T17:25:34 IST" finished-at="2023-03-10T17:25:34 IST">
          <reporter-output>
          </reporter-output>
        </test-method> <!-- test2 -->
        <test-method status="PASS" signature="test3()[pri:0, instance:jenkins.practice2githTest@64729b1e]" name="test3" duration-ms="1" started-at="2023-03-10T17:25:34 IST" finished-at="2023-03-10T17:25:34 IST">
          <reporter-output>
          </reporter-output>
        </test-method> <!-- test3 -->
      </class> <!-- jenkins.practice2githTest -->
      <class name="jenkins.practice1Test">
        <test-method status="PASS" signature="test()[pri:0, instance:jenkins.practice1Test@694e1548]" name="test" duration-ms="20" started-at="2023-03-10T17:25:34 IST" finished-at="2023-03-10T17:25:34 IST">
          <reporter-output>
          </reporter-output>
        </test-method> <!-- test -->
      </class> <!-- jenkins.practice1Test -->
    </test> <!-- Test -->
  </suite> <!-- Suite -->
</testng-results>
