<?xml version="1.0" encoding="UTF-8"?>
<testng-results ignored="0" total="1" passed="1" failed="0" skipped="0">
  <reporter-output>
  </reporter-output>
  <suite started-at="2023-03-10T15:12:46 IST" name="Default suite" finished-at="2023-03-10T15:12:47 IST" duration-ms="128">
    <groups>
    </groups>
    <test started-at="2023-03-10T15:12:46 IST" name="Default test" finished-at="2023-03-10T15:12:47 IST" duration-ms="128">
      <class name="practice2githTest">
        <test-method signature="test2()[pri:0, instance:practice2githTest@3e84448c]" started-at="2023-03-10T15:12:47 IST" name="test2" finished-at="2023-03-10T15:12:47 IST" duration-ms="26" status="PASS">
          <reporter-output>
          </reporter-output>
        </test-method> <!-- test2 -->
      </class> <!-- practice2githTest -->
    </test> <!-- Default test -->
  </suite> <!-- Default suite -->
</testng-results>
